Vivado Simulator v2023.2
Copyright 1986-2022 Xilinx, Inc. All Rights Reserved.
Copyright 2022-2023 Advanced Micro Devices, Inc. All Rights Reserved.
Running: C:/Xilinx/Vivado/2023.2/bin/unwrapped/win64.o/xelab.exe --incr --debug typical --relax --mt 2 -L xil_defaultlib -L unisims_ver -L unimacro_ver -L secureip --snapshot TB_behav xil_defaultlib.TB xil_defaultlib.glbl -log elaborate.log 
Using 2 slave threads.
Starting static elaboration
Pass Through NonSizing Optimizer
Completed static elaboration
Starting simulation data flow analysis
Completed simulation data flow analysis
Time Resolution for simulation is 1ps
Compiling module xil_defaultlib.fsm
Compiling module xil_defaultlib.structural
Compiling module xil_defaultlib.toggle_flipflop
Compiling module xil_defaultlib.counter_4b
Compiling module xil_defaultlib.adder
Compiling module xil_defaultlib.lut
Compiling module xil_defaultlib.desen
Compiling module xil_defaultlib.counter
Compiling module xil_defaultlib.delay_reg
Compiling module xil_defaultlib.ram
Compiling module xil_defaultlib.top
Compiling module xil_defaultlib.TB
Compiling module xil_defaultlib.glbl
Built simulation snapshot TB_behav
